
Running Greedy Algorithm----------------------------------------
98 98 98 96 96 85 83 82 78 78 77 75 70 69 65 65 60 59 57 48 47 45 44 42 35 35 29 26 25 18 16 13 10 3 0 
Output for greedy: 534 ,Actual sum: 535 with difference: 1

Benchmark 1 completed in time: 0
93 87 82 81 75 72 68 58 57 57 54 53 52 52 51 48 46 40 40 40 38 37 32 30 24 22 19 16 15 14 10 10 8 4 4 2 1 
Output for greedy: 118 ,Actual sum: 118 with difference: 0

Benchmark 2 completed in time: 0
99 90 89 80 80 79 76 75 73 69 69 65 65 62 58 58 57 57 55 55 54 49 48 38 35 35 34 34 34 31 30 29 25 23 19 17 14 12 9 
Output for greedy: 1244 ,Actual sum: 1247 with difference: 3

Benchmark 3 completed in time: 0
96 92 92 90 86 82 79 79 79 73 67 64 62 60 56 53 46 46 45 44 42 42 40 39 36 34 32 30 25 22 17 15 14 14 14 13 12 8 7 5 5 
Output for greedy: 910 ,Actual sum: 911 with difference: 1

Benchmark 4 completed in time: 0
94 93 89 88 84 82 79 77 76 73 72 68 64 64 63 63 58 57 57 56 55 53 50 47 47 44 44 42 40 38 37 34 33 32 20 15 13 10 10 6 2 1 0 
Output for greedy: 1790 ,Actual sum: 1790 with difference: 0

Benchmark 5 completed in time: 0
91 91 91 89 87 83 83 82 78 68 65 64 62 60 57 55 54 52 51 50 48 47 46 46 45 45 40 38 38 37 34 27 21 20 19 18 18 13 12 12 10 4 3 2 1 
Output for greedy: 1115 ,Actual sum: 1115 with difference: 0

Benchmark 6 completed in time: 0
98 92 90 87 83 81 81 80 77 76 76 74 74 72 70 69 68 67 64 63 62 57 56 53 53 50 47 45 45 44 43 40 39 32 29 28 28 25 25 21 20 17 13 11 11 9 8 
Output for greedy: 1834 ,Actual sum: 1834 with difference: 0

Benchmark 7 completed in time: 0
99 94 94 92 91 91 86 85 84 84 82 81 80 77 75 75 73 73 73 70 70 64 63 59 53 53 53 45 44 43 41 41 37 36 35 33 27 27 24 23 20 19 17 10 6 4 4 4 0 
Output for greedy: 1616 ,Actual sum: 1618 with difference: 2

Benchmark 8 completed in time: 0
99 97 96 91 86 84 82 79 78 74 74 74 67 63 63 63 61 61 58 57 57 56 55 54 54 54 51 50 49 46 44 42 42 39 35 27 27 24 22 21 20 19 17 15 7 5 2 1 0 0 0 
Output for greedy: 1610 ,Actual sum: 1610 with difference: 0

Benchmark 9 completed in time: 0
98 91 90 85 83 82 81 79 75 69 68 67 67 66 62 62 62 61 57 57 55 53 51 45 45 44 42 41 39 32 32 30 30 28 27 24 19 17 17 16 15 14 13 12 12 11 11 10 9 7 6 5 5 
Output for greedy: 803 ,Actual sum: 804 with difference: 1

Benchmark 10 completed in time: 0
98 97 96 95 94 94 92 91 79 76 74 70 69 68 67 66 64 63 61 60 60 60 58 55 54 54 54 49 46 46 43 42 35 32 29 27 26 25 25 24 23 22 20 18 16 13 11 9 9 7 7 6 5 4 3 
Output for greedy: 2067 ,Actual sum: 2067 with difference: 0

Benchmark 11 completed in time: 0
99 99 95 94 93 92 91 89 89 86 83 82 77 76 72 71 68 63 63 57 56 51 49 49 48 47 45 45 39 36 34 33 31 31 30 29 28 28 27 25 22 21 20 17 14 14 12 11 10 10 8 6 6 6 5 3 1 
Output for greedy: 1047 ,Actual sum: 1048 with difference: 1

Benchmark 12 completed in time: 0
99 98 93 92 87 86 85 85 83 80 76 73 73 71 71 70 69 69 68 68 68 65 63 63 61 59 58 56 52 48 48 47 45 41 40 38 38 36 34 33 30 29 27 27 25 25 20 19 18 15 13 12 10 10 8 7 7 6 6 
Output for greedy: 534 ,Actual sum: 535 with difference: 1

Benchmark 13 completed in time: 0
99 99 98 98 93 91 89 87 86 85 82 81 80 79 79 78 77 74 74 72 71 70 65 64 62 60 60 55 53 52 50 49 49 47 44 38 35 34 33 30 29 29 28 27 26 25 24 23 23 18 17 13 12 11 10 10 8 6 5 3 3 
Output for greedy: 2845 ,Actual sum: 2845 with difference: 0

Benchmark 14 completed in time: 0
99 99 98 97 95 95 94 89 85 83 82 81 81 78 77 75 73 71 70 65 64 63 62 62 62 61 57 55 52 51 50 49 45 42 39 37 36 29 28 28 26 23 23 19 18 15 14 13 11 10 9 8 7 7 6 5 4 3 2 1 0 0 0 
Output for greedy: 1288 ,Actual sum: 1288 with difference: 0

Benchmark 15 completed in time: 0
99 99 97 97 91 89 88 85 82 82 82 78 75 73 72 71 70 67 67 66 65 65 63 62 61 57 52 51 51 49 48 46 44 42 42 40 39 39 33 30 28 28 27 26 26 24 24 24 23 22 21 20 19 19 17 16 16 16 16 15 9 9 6 2 1 
Output for greedy: 1657 ,Actual sum: 1657 with difference: 0

Benchmark 16 completed in time: 0
99 99 97 96 95 94 93 92 91 91 87 84 82 79 78 77 77 73 72 67 66 66 66 65 65 64 64 61 58 57 55 54 49 49 49 47 46 45 42 41 36 36 35 35 33 32 31 31 29 28 28 27 26 25 24 23 22 22 19 19 16 15 15 14 14 13 12 
Output for greedy: 277 ,Actual sum: 277 with difference: 0

Benchmark 17 completed in time: 0
98 98 95 94 92 90 89 87 86 86 83 82 82 81 80 79 79 73 73 65 64 62 62 60 60 60 59 59 56 56 56 54 52 51 51 49 48 47 46 45 43 42 41 39 39 37 37 32 31 25 24 17 16 15 15 15 14 13 10 10 10 9 9 6 6 5 3 3 2 
Output for greedy: 2823 ,Actual sum: 2823 with difference: 0

Benchmark 18 completed in time: 0
96 96 93 92 92 90 88 85 83 81 81 80 80 77 77 76 76 73 72 71 71 70 69 67 58 57 57 55 50 50 50 50 48 46 45 45 44 42 40 38 38 38 35 33 32 32 29 28 28 26 25 20 19 17 16 13 9 9 9 8 7 7 5 5 5 4 3 3 2 1 0 
Output for greedy: 613 ,Actual sum: 613 with difference: 0

Benchmark 19 completed in time: 0
99 94 93 93 91 90 89 89 87 86 85 85 85 82 80 78 76 76 76 75 72 69 66 66 66 66 60 60 59 59 59 57 56 56 55 52 52 48 47 46 45 43 37 35 35 35 34 33 33 30 24 24 22 19 16 15 14 13 13 13 12 11 10 9 8 7 6 5 3 2 1 0 0 
Output for greedy: 399 ,Actual sum: 399 with difference: 0

Benchmark 20 completed in time: 0
99 95 92 91 89 89 88 88 87 86 85 85 84 84 78 78 78 78 78 78 75 72 71 69 68 68 68 68 66 66 64 64 62 62 61 60 58 58 56 53 53 52 50 50 48 47 43 41 40 39 32 31 30 29 29 28 27 25 24 22 22 22 21 14 11 10 10 9 7 7 6 2 1 0 0 
Output for greedy: 3791 ,Actual sum: 3791 with difference: 0

Benchmark 21 completed in time: 0
99 97 96 92 90 88 83 83 81 80 79 78 78 76 75 74 73 73 70 70 70 69 68 67 64 63 63 61 60 56 55 55 47 43 43 42 40 38 37 34 34 34 33 32 31 30 30 28 28 24 23 23 22 22 19 19 18 16 15 14 13 13 13 12 9 9 8 7 6 5 4 4 3 2 2 2 0 
Output for greedy: 324 ,Actual sum: 324 with difference: 0

Benchmark 22 completed in time: 0
99 99 94 93 92 91 91 90 89 88 87 85 85 85 84 80 79 78 77 76 75 75 74 74 73 71 71 70 69 64 64 60 59 59 59 58 56 56 52 52 48 48 47 46 46 43 43 43 41 40 38 35 34 33 33 31 31 30 30 29 29 28 27 27 27 23 19 19 18 18 16 16 10 9 8 7 4 4 3 
Output for greedy: 395 ,Actual sum: 397 with difference: 2

Benchmark 23 completed in time: 0
99 98 97 95 93 92 90 89 88 88 87 85 85 83 83 83 83 80 80 79 78 76 75 72 70 68 68 68 68 67 61 59 58 58 58 57 57 56 55 53 48 48 44 43 42 42 38 38 37 37 36 31 31 30 30 30 30 29 28 27 27 26 26 26 24 22 21 20 19 18 16 15 14 13 12 9 8 7 5 2 1 
Output for greedy: 3473 ,Actual sum: 3473 with difference: 0

Benchmark 24 completed in time: 0
99 94 93 92 91 91 90 86 83 83 83 81 79 77 75 72 71 70 68 68 65 65 61 61 58 58 57 56 53 52 52 51 50 48 48 46 45 43 40 40 39 38 37 35 32 32 31 30 29 29 28 26 26 25 24 24 22 21 21 20 19 15 15 14 14 14 11 10 8 8 8 7 7 7 5 3 3 3 3 2 1 0 0 
Output for greedy: 482 ,Actual sum: 482 with difference: 0

Benchmark 25 completed in time: 0
97 96 96 94 93 91 91 90 89 88 87 86 86 84 84 84 84 83 82 82 81 81 80 80 75 75 75 74 73 71 71 71 69 69 68 66 64 62 61 60 58 56 55 52 52 51 48 47 46 45 44 41 39 39 38 38 37 36 35 35 34 33 32 31 29 28 25 24 24 23 23 22 21 20 18 18 14 11 10 5 5 5 4 3 1 
Output for greedy: 3890 ,Actual sum: 3890 with difference: 0

Benchmark 26 completed in time: 0
99 98 96 94 94 93 93 92 91 90 86 86 84 83 81 80 80 80 79 78 76 76 74 72 72 71 71 70 68 67 65 64 60 59 58 57 55 54 53 53 52 46 45 43 42 42 41 40 39 39 38 38 37 35 33 32 32 31 29 29 28 28 27 26 25 25 25 24 24 22 21 20 19 19 19 18 16 16 11 5 4 3 2 1 0 0 0 
Output for greedy: 2614 ,Actual sum: 2614 with difference: 0

Benchmark 27 completed in time: 0
99 96 96 89 88 88 87 86 85 85 83 81 81 80 78 78 75 72 71 69 68 66 65 65 64 63 63 63 62 61 61 60 59 59 57 55 55 55 52 50 50 49 49 47 47 45 43 41 40 39 39 38 38 37 37 36 36 35 35 34 32 32 32 31 31 30 30 29 28 27 25 25 23 21 20 20 19 19 18 14 14 13 12 6 4 3 1 1 1 
Output for greedy: 2177 ,Actual sum: 2177 with difference: 0

Benchmark 28 completed in time: 0
99 99 99 98 97 97 97 93 93 93 91 91 90 90 89 89 88 86 86 84 84 83 83 83 83 83 80 79 79 79 75 73 72 72 72 70 68 64 62 61 59 59 59 58 57 55 54 54 50 50 50 50 48 48 46 46 44 41 39 37 37 36 35 35 33 32 30 30 29 28 27 25 25 25 24 24 20 19 18 14 14 13 13 12 11 11 10 6 3 2 2 
Output for greedy: 4941 ,Actual sum: 4941 with difference: 0

Benchmark 29 completed in time: 0
99 98 96 96 96 95 94 92 90 89 88 85 84 83 81 81 80 80 79 79 77 73 72 71 71 70 68 66 61 61 59 59 59 57 57 55 55 55 54 54 53 53 52 51 50 47 46 45 45 44 44 44 41 41 33 31 30 29 28 28 27 27 24 23 23 23 23 21 21 19 19 19 17 17 17 15 15 15 13 13 13 11 11 10 10 8 8 8 7 5 4 3 3 
Output for greedy: 2848 ,Actual sum: 2848 with difference: 0

Benchmark 30 completed in time: 0
99 98 98 97 97 97 96 96 94 86 84 83 82 78 78 76 75 74 71 71 68 66 65 65 64 62 62 62 61 60 60 58 58 57 56 54 53 51 46 45 44 44 42 42 41 40 40 38 38 38 37 37 37 36 35 35 32 28 27 25 25 24 24 23 23 21 20 19 19 18 18 18 17 16 15 14 14 12 12 11 11 11 10 9 7 7 7 6 6 4 3 2 2 2 0 
Output for greedy: 798 ,Actual sum: 798 with difference: 0

Benchmark 31 completed in time: 0
99 98 96 96 95 94 94 93 90 89 89 85 84 83 83 78 78 77 76 76 76 73 71 70 68 68 67 67 67 66 66 63 62 62 59 58 57 57 56 54 54 53 53 53 52 51 51 48 47 46 45 44 44 43 43 43 42 42 41 41 41 41 40 39 39 38 37 37 35 35 34 34 33 33 31 29 29 29 29 26 25 23 22 21 19 16 15 14 13 10 10 9 9 7 7 6 6 
Output for greedy: 141 ,Actual sum: 141 with difference: 0

Benchmark 32 completed in time: 0
99 99 99 99 99 97 96 96 94 94 93 92 91 89 89 87 86 83 81 80 80 79 79 74 69 69 69 68 68 67 66 66 65 62 59 56 56 55 53 52 52 51 51 50 47 46 46 44 44 43 42 42 41 39 39 38 36 36 35 34 33 31 31 30 29 28 27 27 26 26 25 24 23 23 22 21 21 18 17 16 16 16 14 12 11 10 10 9 9 7 6 5 5 4 3 2 2 2 0 
Output for greedy: 3450 ,Actual sum: 3450 with difference: 0

Benchmark 33 completed in time: 0
99 98 98 97 93 92 91 90 90 88 88 84 82 82 81 81 81 80 80 80 79 79 78 77 74 73 73 72 70 69 69 69 69 69 68 67 66 66 64 64 64 63 63 63 62 62 62 60 58 56 56 55 55 55 54 49 48 48 48 47 40 39 39 38 38 37 35 31 31 30 28 27 25 25 25 24 24 23 18 18 17 16 16 14 13 13 12 12 11 10 10 9 8 6 6 6 4 4 3 2 2 
Output for greedy: 4761 ,Actual sum: 4762 with difference: 1

Benchmark 34 completed in time: 0
99 99 99 98 98 97 96 94 94 93 92 91 91 87 87 86 84 84 83 83 83 82 81 80 80 79 79 78 77 75 73 72 71 71 69 68 68 63 62 62 61 61 60 59 59 57 53 53 52 51 51 50 49 49 48 47 47 47 45 44 43 41 41 41 41 40 39 38 37 36 35 31 30 30 28 28 28 28 27 26 26 25 22 21 18 16 15 14 13 13 12 11 9 9 9 8 6 5 5 4 3 2 1 
Output for greedy: 2288 ,Actual sum: 2288 with difference: 0

Benchmark 35 completed in time: 0
99 97 96 96 94 93 92 92 92 90 89 85 85 84 83 83 82 81 80 80 80 79 76 75 75 74 73 67 66 66 65 65 63 63 62 61 59 59 58 58 58 57 57 55 55 54 53 53 51 50 50 49 48 48 47 47 46 45 45 45 44 44 43 42 42 42 42 39 39 39 38 33 32 30 30 30 29 29 28 28 27 25 22 21 21 20 18 16 15 15 14 14 12 12 11 10 8 6 4 4 4 4 3 3 2 
Output for greedy: 4324 ,Actual sum: 4324 with difference: 0

Benchmark 36 completed in time: 0
99 97 97 95 94 91 90 90 89 89 88 87 87 87 87 82 79 78 77 77 77 76 75 75 74 74 73 73 73 72 71 70 67 67 66 65 65 65 63 63 61 61 61 61 60 60 59 57 55 55 54 53 51 51 51 49 48 48 46 46 44 43 42 42 37 36 35 34 32 32 30 27 26 26 25 25 21 20 20 20 19 17 17 17 17 16 15 15 14 13 13 13 12 11 10 10 7 7 5 5 4 4 3 2 2 2 1 
Output for greedy: 2606 ,Actual sum: 2606 with difference: 0

Benchmark 37 completed in time: 0
99 99 99 98 98 98 95 94 94 92 91 91 89 89 88 87 86 85 81 80 76 75 75 75 74 73 73 72 72 72 72 71 71 70 70 69 69 67 66 65 63 60 59 59 59 57 54 54 53 52 51 50 48 46 46 45 44 44 44 42 42 42 41 40 39 38 36 36 35 35 33 33 32 31 30 28 27 26 26 25 23 23 22 22 21 21 21 19 16 16 16 15 15 14 13 12 12 11 10 7 7 6 6 6 4 3 1 1 0 
Output for greedy: 5238 ,Actual sum: 5238 with difference: 0

Benchmark 38 completed in time: 0
99 98 96 94 92 92 92 91 90 90 89 88 88 88 87 86 83 82 81 81 81 80 80 79 79 79 79 78 77 77 76 72 72 70 67 67 67 66 66 65 65 65 64 62 61 61 58 58 58 57 55 53 52 51 50 50 49 49 46 46 46 46 44 41 41 39 38 36 36 34 31 31 30 27 26 25 23 22 22 22 21 20 20 20 19 19 18 18 18 16 16 12 12 11 11 9 8 8 7 7 7 6 5 5 4 4 3 2 2 1 1 
Output for greedy: 129 ,Actual sum: 129 with difference: 0

Benchmark 39 completed in time: 0
97 97 97 95 95 95 94 94 93 92 90 89 89 88 87 85 85 85 85 85 84 83 82 81 80 79 79 79 77 73 72 72 71 71 71 68 68 68 67 66 65 64 64 64 64 63 62 62 61 60 60 58 57 57 57 56 54 53 52 51 49 49 49 48 46 45 43 43 43 42 42 42 41 41 41 39 39 38 38 37 32 32 30 29 29 29 29 28 27 27 26 26 25 23 22 22 19 12 10 10 8 8 8 8 6 5 5 4 3 2 1 1 0 
Output for greedy: 1571 ,Actual sum: 1571 with difference: 0

Benchmark 40 completed in time: 0
98 98 97 97 95 95 95 93 92 92 88 87 85 84 82 82 82 80 79 78 76 75 74 73 73 72 71 70 69 69 69 69 68 66 65 64 63 63 60 60 60 59 59 58 57 57 57 56 56 55 54 53 53 53 53 52 51 49 49 48 47 47 45 45 45 42 42 42 40 40 40 39 39 39 39 36 36 34 33 33 32 32 32 31 29 29 29 26 26 26 25 24 23 23 22 22 21 21 20 19 19 18 17 14 14 13 13 13 12 8 8 7 4 3 0 
Output for greedy: 2214 ,Actual sum: 2214 with difference: 0

Benchmark 41 completed in time: 0
99 99 99 98 97 97 94 93 93 92 91 90 90 90 89 87 85 85 85 83 80 80 79 79 79 78 77 77 75 75 75 74 73 72 71 69 68 68 68 67 66 65 65 65 64 64 63 63 59 57 57 57 57 56 55 55 55 54 53 52 52 52 52 52 45 44 44 44 43 42 42 41 40 39 38 37 36 36 35 34 33 30 30 29 29 29 27 27 26 25 25 23 23 22 22 16 16 16 15 15 14 13 11 11 10 10 9 9 8 7 5 5 5 5 2 2 1 
Output for greedy: 3490 ,Actual sum: 3490 with difference: 0

Benchmark 42 completed in time: 0
98 98 96 96 95 94 94 94 93 92 92 92 91 91 91 89 89 87 86 86 85 84 84 83 82 80 78 76 75 74 74 74 73 73 73 72 71 70 68 67 66 66 66 66 66 65 65 64 64 64 63 63 62 62 62 60 60 59 58 58 57 57 51 50 49 49 48 48 47 47 47 46 45 44 43 42 42 41 39 39 39 38 37 30 30 30 29 28 27 26 26 25 23 23 21 20 20 19 17 16 15 15 10 8 8 8 7 6 6 4 3 3 3 3 3 1 1 0 0 
Output for greedy: 6147 ,Actual sum: 6147 with difference: 0

Benchmark 43 completed in time: 0
99 98 98 97 94 94 93 93 91 90 88 88 88 87 85 82 81 81 81 80 78 77 77 76 76 76 75 75 74 74 72 72 70 69 69 68 68 66 65 64 63 62 62 62 61 61 59 59 58 57 57 57 56 56 55 55 54 54 50 49 47 47 45 44 44 41 41 39 38 37 35 35 34 34 34 33 32 32 28 28 27 25 25 24 23 23 23 22 22 22 21 21 19 18 17 15 15 15 13 12 12 12 10 9 9 8 8 7 7 7 7 5 4 4 2 2 1 1 1 0 0 
Output for greedy: 1077 ,Actual sum: 1077 with difference: 0

Benchmark 44 completed in time: 0
99 98 97 97 96 95 94 93 92 92 91 91 89 89 89 85 84 81 79 79 79 79 76 75 75 75 75 74 73 73 72 71 68 68 68 67 67 66 66 65 65 64 63 63 63 63 63 60 59 58 58 58 57 57 57 56 56 56 56 55 55 55 54 52 52 51 49 49 49 48 48 47 47 46 46 45 45 43 43 42 42 42 41 41 40 40 39 39 38 38 38 37 37 34 32 31 27 26 23 22 18 18 17 17 16 16 16 15 15 15 12 12 10 10 10 7 7 6 6 4 3 2 0 
Output for greedy: 2089 ,Actual sum: 2089 with difference: 0

Benchmark 45 completed in time: 0
99 98 98 98 98 97 96 96 93 92 91 91 91 90 90 89 89 88 88 88 87 87 86 84 84 84 83 82 82 80 80 79 77 77 76 76 75 75 74 73 73 71 70 70 70 69 68 67 66 65 63 62 62 61 59 57 55 53 52 50 50 49 44 43 43 42 41 41 39 39 39 38 38 37 34 34 32 32 32 31 31 30 29 29 29 28 28 26 25 25 24 24 24 23 23 22 22 20 18 15 15 15 14 14 13 12 12 11 11 10 9 9 9 8 8 8 7 7 6 5 5 4 3 2 0 
Output for greedy: 2406 ,Actual sum: 2407 with difference: 1

Benchmark 46 completed in time: 0
98 97 97 96 94 94 94 92 92 91 91 90 90 89 87 86 85 84 83 83 82 81 80 79 79 79 79 77 77 76 75 73 69 68 68 67 67 65 64 64 63 63 61 61 60 60 60 59 59 58 56 56 56 56 55 53 53 52 51 51 50 50 50 48 45 44 44 43 43 42 41 40 40 39 39 38 38 37 36 35 35 33 31 30 30 30 30 29 29 29 26 25 25 24 24 23 22 22 21 19 18 16 16 16 15 15 14 14 14 12 12 9 9 9 9 8 8 6 4 3 3 2 2 1 1 0 0 
Output for greedy: 5206 ,Actual sum: 5206 with difference: 0

Benchmark 47 completed in time: 0
99 98 97 97 95 94 93 92 91 91 91 91 90 90 89 88 88 88 87 86 86 85 84 84 83 82 81 80 80 79 79 78 78 77 77 77 75 74 73 73 72 72 71 71 71 70 69 69 69 68 68 68 68 67 65 64 63 63 61 60 59 58 57 57 54 53 53 52 52 52 51 49 49 48 45 44 43 43 42 42 40 40 38 37 37 36 35 35 34 33 33 30 26 26 25 25 24 24 22 22 21 21 20 20 18 18 17 16 16 12 11 9 9 7 7 7 7 6 6 6 5 3 3 2 2 2 1 0 0 
Output for greedy: 1345 ,Actual sum: 1345 with difference: 0

Benchmark 48 completed in time: 0
99 98 98 98 98 97 97 96 94 94 93 93 93 93 93 92 92 91 90 90 90 90 89 89 89 88 87 87 87 86 86 84 84 83 82 81 79 78 76 71 71 70 69 68 68 68 67 66 66 64 64 64 64 63 62 62 62 61 60 60 56 56 55 55 55 54 53 53 53 51 50 50 49 49 48 45 44 44 44 42 41 40 40 40 39 37 37 34 29 29 29 27 26 26 24 23 23 23 23 23 22 22 22 21 21 19 18 16 16 16 15 13 13 11 10 10 9 8 6 6 6 5 5 5 4 4 2 1 1 0 0 
Output for greedy: 731 ,Actual sum: 731 with difference: 0

Benchmark 49 completed in time: 0
99 98 97 97 97 96 95 94 94 93 92 91 91 90 90 90 88 86 86 84 84 83 82 82 81 81 80 79 77 77 76 76 75 74 74 73 73 72 71 71 70 69 68 68 68 67 66 66 66 65 63 63 62 62 61 61 60 60 60 58 58 57 56 56 56 54 53 53 53 52 51 51 49 49 49 48 47 47 47 47 46 44 44 43 43 42 42 42 42 41 41 39 39 38 38 38 37 34 34 33 32 32 31 31 27 26 25 25 24 23 22 22 21 20 17 17 16 16 16 16 16 14 14 14 12 11 10 10 10 9 7 5 2 
Output for greedy: 5189 ,Actual sum: 5189 with difference: 0

Benchmark 50 completed in time: 0
99 97 97 95 93 93 92 91 91 89 89 87 87 87 86 85 85 85 85 85 84 83 83 82 82 82 80 79 79 79 77 76 76 75 74 73 73 71 71 65 64 64 64 63 63 63 62 62 62 62 62 61 60 59 59 58 58 57 57 56 56 56 56 55 54 53 52 51 50 50 49 48 47 46 46 45 44 42 42 41 41 38 38 36 36 35 35 33 33 31 31 30 28 27 27 26 26 25 25 24 23 23 22 21 21 21 20 20 18 17 17 17 15 15 12 12 12 11 11 9 9 8 8 8 7 6 5 5 5 2 2 2 1 1 1 
Output for greedy: 5573 ,Actual sum: 5573 with difference: 0

Benchmark 51 completed in time: 0
99 98 98 98 97 97 97 96 94 93 93 93 92 90 90 89 89 89 88 87 86 86 86 85 84 83 83 78 78 78 77 77 76 76 74 74 73 72 68 68 68 67 67 66 66 64 63 61 60 58 55 53 51 51 51 50 48 47 47 46 46 46 46 45 44 43 43 43 40 40 39 39 39 38 38 38 38 38 38 36 36 36 35 35 34 34 34 33 31 30 30 29 28 27 27 27 26 26 25 25 25 24 24 23 23 22 22 22 21 21 21 20 18 18 17 16 16 15 14 13 12 11 10 9 9 9 9 6 6 6 4 4 2 1 1 0 0 
Output for greedy: 6148 ,Actual sum: 6148 with difference: 0

Benchmark 52 completed in time: 0
99 99 98 98 97 97 96 96 95 93 93 93 92 92 92 89 88 87 87 87 86 86 86 86 85 85 84 83 83 82 82 81 81 80 80 80 79 78 77 76 76 73 73 73 73 72 72 72 71 71 71 70 68 68 68 67 66 66 65 65 64 64 64 62 62 61 61 60 59 59 58 58 57 57 57 56 56 55 55 55 53 53 50 50 47 46 45 44 44 43 43 43 39 37 36 35 34 34 33 33 33 33 32 32 30 29 29 28 27 26 26 24 24 22 22 22 22 21 21 21 16 15 15 15 12 11 11 11 11 10 9 9 7 7 6 5 5 4 1 
Output for greedy: 5488 ,Actual sum: 5488 with difference: 0

Benchmark 53 completed in time: 0
99 97 97 96 96 95 95 94 93 92 91 91 91 88 88 88 88 87 87 87 86 85 85 85 83 83 81 79 79 77 77 77 76 76 76 75 74 74 74 73 73 73 72 72 71 70 70 70 69 69 68 68 68 68 67 67 64 64 64 63 62 61 60 56 55 54 53 53 53 53 53 52 52 51 49 49 49 48 48 43 43 43 42 42 40 40 39 38 38 38 38 37 37 37 36 35 32 31 30 29 28 28 27 27 26 25 24 23 22 22 20 20 17 17 16 16 15 15 15 15 14 14 12 11 11 11 10 10 9 8 6 6 5 5 3 2 2 1 1 1 0 
Output for greedy: 2933 ,Actual sum: 2933 with difference: 0

Benchmark 54 completed in time: 0
98 98 98 97 96 96 93 92 91 91 90 90 89 89 88 87 87 87 86 86 86 85 85 85 84 82 82 81 81 81 80 80 80 79 78 77 77 77 76 72 71 71 70 70 69 69 69 68 67 67 66 66 64 63 63 63 61 61 58 57 57 57 55 54 53 53 53 53 50 49 49 48 48 48 48 47 47 46 45 45 44 44 44 44 44 42 42 42 42 40 40 38 38 36 36 36 35 34 32 32 32 31 31 30 29 28 27 24 23 22 22 19 18 18 17 16 16 16 15 13 13 13 12 10 10 10 10 9 8 8 8 7 6 6 6 6 5 5 4 4 2 2 1 
Output for greedy: 1983 ,Actual sum: 1983 with difference: 0

Benchmark 55 completed in time: 0
96 95 95 94 94 93 93 91 90 89 88 87 87 85 83 83 81 81 80 80 79 78 78 77 77 75 74 72 72 71 69 66 66 66 65 64 62 62 61 61 60 60 60 57 57 57 57 56 56 56 54 53 52 52 51 50 49 49 48 47 46 46 46 46 45 45 44 44 44 43 43 42 42 42 42 42 42 41 41 41 39 39 39 37 37 37 36 36 36 36 35 34 34 32 31 30 29 29 28 27 25 25 24 24 23 21 21 19 19 18 17 17 16 16 15 14 14 14 13 13 12 11 11 9 9 9 9 8 7 6 5 5 4 4 4 4 4 3 3 3 2 2 1 0 0 
Output for greedy: 904 ,Actual sum: 904 with difference: 0

Benchmark 56 completed in time: 0
99 98 98 98 98 97 96 93 93 93 92 92 91 88 88 86 86 86 86 84 84 83 83 82 82 81 80 80 79 78 76 75 74 74 73 73 72 72 72 71 71 71 71 70 70 69 67 66 65 64 63 62 62 61 59 59 58 58 57 56 55 55 54 54 54 53 50 50 49 48 48 48 46 45 44 43 43 43 41 40 39 39 39 39 38 38 37 37 36 36 34 32 32 32 31 30 29 29 28 28 28 28 28 27 27 27 26 26 26 22 21 21 21 21 21 20 19 17 16 16 16 16 15 15 14 13 12 12 12 12 10 7 7 7 6 6 5 5 5 3 3 2 2 2 1 0 0 
Output for greedy: 5627 ,Actual sum: 5627 with difference: 0

Benchmark 57 completed in time: 0
99 96 96 94 93 93 93 93 93 92 92 91 90 89 88 88 88 87 86 85 84 84 83 82 82 81 81 81 81 80 79 79 79 79 79 79 77 76 76 75 74 73 72 72 72 72 69 68 68 68 68 68 68 67 67 64 63 63 59 59 59 58 57 57 55 54 54 53 53 52 52 52 51 51 49 48 47 46 46 45 45 45 45 43 42 42 41 41 41 41 40 40 39 38 37 37 37 35 35 34 34 34 33 31 31 30 30 30 28 27 26 26 26 25 24 22 19 19 19 18 17 17 17 16 16 16 13 13 13 12 12 11 10 9 9 9 8 7 6 5 5 5 4 4 3 3 2 2 1 
Output for greedy: 2669 ,Actual sum: 2669 with difference: 0

Benchmark 58 completed in time: 0
99 98 97 97 97 96 96 96 96 95 95 95 94 94 94 93 93 93 92 92 92 91 90 89 86 86 85 84 84 84 84 83 83 82 81 80 79 79 79 79 78 78 77 76 76 73 71 71 70 68 68 67 67 66 65 64 63 62 62 61 61 61 60 59 58 58 57 57 55 53 52 50 50 47 46 46 44 43 42 41 40 39 39 39 39 38 38 37 36 36 36 35 34 33 33 33 32 32 31 31 31 30 29 28 27 25 25 24 24 22 22 20 20 20 20 19 19 18 17 17 17 16 15 15 13 13 12 12 11 11 11 10 10 10 9 9 8 8 7 7 7 6 6 5 5 5 4 3 1 0 0 
Output for greedy: 5238 ,Actual sum: 5238 with difference: 0

Benchmark 59 completed in time: 0
99 98 97 97 97 96 96 95 92 90 89 89 89 87 85 85 83 83 83 82 80 80 79 79 79 79 79 76 75 74 72 71 70 68 67 67 65 64 64 63 63 62 62 61 60 60 60 58 57 57 56 55 55 55 55 52 52 49 49 49 47 47 47 46 46 44 42 41 41 40 40 39 39 38 38 37 36 36 36 34 34 34 34 34 33 32 31 30 30 29 29 27 26 26 25 25 24 24 24 23 23 22 22 22 22 22 21 20 19 19 19 18 18 18 17 17 16 16 16 15 15 14 14 14 13 13 12 11 11 11 11 10 10 9 9 9 8 6 6 6 5 4 3 3 3 3 3 2 2 2 2 1 1 
Output for greedy: 1651 ,Actual sum: 1651 with difference: 0

Benchmark 60 completed in time: 0
98 96 95 95 94 93 92 92 92 92 92 90 90 90 90 90 89 86 85 85 84 82 82 81 81 81 81 80 80 79 79 79 78 77 77 77 76 76 75 75 74 74 74 73 73 73 73 72 72 71 71 70 70 69 66 66 65 64 63 63 63 62 62 62 60 60 60 60 59 58 58 57 55 54 54 52 52 52 49 49 47 47 46 46 46 45 45 44 42 42 42 40 40 40 39 39 37 36 35 35 34 33 33 33 31 31 31 31 28 28 27 27 26 26 26 24 23 23 22 22 21 21 21 21 20 19 18 18 18 18 17 15 14 13 11 10 9 8 8 7 7 7 7 6 6 5 4 4 2 2 2 2 2 0 0 
Output for greedy: 7527 ,Actual sum: 7528 with difference: 1

Benchmark 61 completed in time: 0
99 99 98 98 98 97 97 97 97 95 94 94 93 87 86 86 84 84 84 82 82 82 82 81 80 80 80 79 79 78 78 78 78 78 78 77 77 77 76 76 75 74 73 73 73 69 69 69 68 68 67 67 67 67 67 66 66 64 64 63 62 61 60 60 59 58 58 57 57 56 56 56 56 56 55 55 53 53 53 52 50 49 49 49 49 47 47 46 46 45 44 44 43 43 41 40 40 40 39 38 38 37 36 36 34 33 33 33 32 31 30 29 29 28 27 27 27 25 25 24 23 22 22 22 21 20 18 17 16 16 16 15 15 14 14 13 13 13 12 11 10 10 9 9 8 7 7 7 4 4 3 2 2 1 1 0 0 
Output for greedy: 7773 ,Actual sum: 7773 with difference: 0

Benchmark 62 completed in time: 0
99 99 99 98 97 95 95 95 93 93 93 92 90 89 89 87 87 87 86 85 84 84 83 83 83 82 82 81 80 80 79 78 77 76 75 75 74 74 74 73 73 72 72 71 71 70 70 70 70 68 68 67 66 66 65 65 65 64 64 63 63 62 62 62 61 61 59 59 58 58 57 57 56 56 56 56 55 55 54 54 54 53 52 52 52 50 49 49 48 48 46 46 46 43 43 43 43 43 43 41 39 38 37 37 37 35 35 34 33 33 33 33 32 31 30 30 29 29 27 26 25 25 25 25 24 24 24 23 21 20 19 18 18 17 16 15 15 14 14 14 13 13 13 12 11 11 10 10 8 8 8 7 7 5 3 3 2 1 0 
Output for greedy: 3765 ,Actual sum: 3765 with difference: 0

Benchmark 63 completed in time: 0
99 98 98 97 96 96 95 95 94 93 93 92 91 91 89 86 86 86 85 85 84 84 82 82 82 81 80 80 79 78 78 76 75 75 74 73 72 72 72 72 71 71 71 70 70 69 69 69 68 68 67 66 65 63 62 61 60 59 58 58 58 57 57 56 56 55 55 54 54 54 53 52 51 48 48 48 47 47 46 46 44 44 42 42 41 41 40 40 39 38 37 37 36 35 35 34 34 34 34 33 32 32 31 31 30 29 29 29 29 28 28 27 27 27 26 26 26 25 25 24 23 23 23 22 22 20 20 20 18 17 17 17 16 15 15 15 14 13 13 12 11 10 10 10 10 10 10 9 9 7 7 7 6 5 5 4 4 3 2 1 1 
Output for greedy: 4672 ,Actual sum: 4672 with difference: 0

Benchmark 64 completed in time: 0
97 96 96 96 95 94 93 93 92 92 92 91 90 89 89 87 87 86 86 85 85 85 84 84 84 83 83 82 82 80 79 79 79 78 78 77 77 77 76 76 75 75 75 75 74 74 73 73 72 71 71 70 70 69 69 68 67 67 65 65 65 64 63 62 61 61 61 61 59 57 56 56 55 55 54 54 53 51 51 51 51 51 50 50 49 49 48 48 47 47 46 46 45 45 45 45 44 44 44 44 43 43 43 42 41 41 40 40 40 40 38 37 37 36 36 36 34 34 33 32 32 32 27 27 27 27 24 24 24 24 23 23 22 22 21 20 19 18 17 17 17 16 16 16 16 14 13 13 13 12 12 10 10 9 9 7 7 5 3 2 2 1 1 
Output for greedy: 2105 ,Actual sum: 2105 with difference: 0

Benchmark 65 completed in time: 0
99 99 98 97 96 96 93 92 92 92 91 91 90 89 89 87 87 87 87 87 85 85 85 84 83 83 82 82 82 80 80 78 75 75 75 74 72 72 70 70 69 69 69 69 68 68 68 67 67 67 67 67 66 66 65 64 63 61 61 61 59 58 58 57 57 56 56 55 54 53 53 52 52 51 51 51 51 51 50 50 48 47 45 42 42 42 42 40 39 39 39 38 38 38 37 37 36 36 35 35 34 34 34 34 34 33 33 33 32 31 31 31 31 30 30 28 28 25 24 24 23 23 20 20 19 19 19 19 18 18 17 16 16 16 16 16 13 12 12 10 10 10 9 8 8 7 6 6 6 6 5 5 5 5 4 3 2 2 2 2 1 1 0 0 0 
Output for greedy: 536 ,Actual sum: 536 with difference: 0

Benchmark 66 completed in time: 0
99 99 98 97 97 96 96 95 95 94 93 93 92 92 91 90 90 89 89 89 88 88 88 87 87 86 86 85 85 85 85 85 85 84 84 84 84 83 82 82 81 81 81 81 80 79 79 79 76 75 73 73 72 70 70 69 69 69 68 65 65 65 62 62 62 60 58 58 57 57 56 55 54 54 54 52 52 52 52 51 51 51 51 50 49 49 49 49 48 48 47 46 45 45 43 43 42 42 41 41 39 38 37 37 37 36 36 34 34 33 33 32 31 31 31 31 31 30 30 30 30 29 29 29 28 27 27 27 25 24 24 21 21 21 20 18 17 16 15 14 14 14 11 10 10 9 9 9 9 9 8 8 7 7 6 6 6 4 3 3 1 1 1 1 0 0 0 
Output for greedy: 4815 ,Actual sum: 4815 with difference: 0

Benchmark 67 completed in time: 0
99 98 97 95 94 94 94 94 93 93 92 91 91 91 90 90 89 87 86 86 86 86 86 86 81 80 80 80 79 78 78 77 77 76 75 74 74 73 73 71 71 71 71 69 69 68 68 67 67 66 66 66 65 65 64 63 63 61 61 61 60 60 58 58 57 57 56 55 53 53 53 52 52 52 51 49 49 48 48 47 47 46 46 45 44 44 43 43 42 42 40 40 40 40 39 38 37 36 34 34 34 33 33 33 32 32 32 32 31 30 29 29 29 28 28 28 28 28 27 27 27 26 26 26 25 25 24 24 24 23 23 23 23 23 22 21 21 19 19 19 19 18 17 17 14 13 13 12 12 12 10 10 9 8 8 8 7 7 7 6 5 4 4 4 4 4 3 2 2 
Output for greedy: 3683 ,Actual sum: 3683 with difference: 0

Benchmark 68 completed in time: 0
99 99 98 97 96 96 96 96 96 93 93 93 93 91 91 90 90 90 90 89 89 89 89 88 87 87 87 87 87 86 86 85 85 84 84 84 83 83 83 82 82 82 82 82 82 82 81 81 80 80 79 79 78 78 75 75 75 75 73 73 73 72 71 71 71 71 70 70 68 68 67 67 67 66 66 66 65 64 64 62 61 61 61 61 60 59 59 58 58 58 57 55 55 53 53 53 53 52 51 51 51 50 50 49 45 43 43 42 42 41 41 41 40 40 40 36 36 35 35 35 34 34 34 33 32 31 30 29 29 27 26 25 24 24 23 21 20 20 20 19 19 18 18 18 18 17 17 16 16 16 14 14 13 13 10 10 10 9 8 7 6 6 6 5 5 4 3 2 2 1 0 
Output for greedy: 293 ,Actual sum: 293 with difference: 0

Benchmark 69 completed in time: 0
99 99 99 98 98 97 97 95 95 94 93 93 93 93 91 91 89 88 86 86 83 83 81 80 78 78 77 75 75 74 72 72 71 69 69 69 68 68 67 67 66 66 66 65 64 64 63 63 63 62 62 62 60 60 59 59 59 59 58 57 56 55 54 53 52 52 51 51 49 49 49 48 48 47 47 47 47 46 46 46 46 45 45 44 42 42 41 41 41 40 39 39 38 37 37 36 34 33 32 31 31 31 30 29 29 28 28 28 27 27 26 26 26 26 26 25 25 25 24 24 23 22 21 21 20 20 20 19 19 19 18 18 18 17 17 17 17 16 16 16 15 14 14 14 12 12 12 11 11 11 11 10 10 9 9 9 8 8 8 7 7 7 6 4 4 4 3 2 1 1 1 0 0 
Output for greedy: 832 ,Actual sum: 832 with difference: 0

Benchmark 70 completed in time: 0
99 99 99 99 97 97 97 96 95 95 94 94 94 94 94 92 91 91 91 91 91 90 90 90 89 89 89 86 86 86 85 85 84 83 83 83 82 82 82 82 81 80 80 80 79 79 78 78 78 78 78 77 77 77 77 77 76 76 75 75 74 74 74 73 73 72 71 70 69 68 68 68 67 66 66 65 65 65 63 63 63 63 62 60 60 59 58 56 55 54 54 54 53 52 51 49 48 48 47 46 46 45 45 45 44 44 43 42 41 40 40 38 37 37 37 36 35 34 32 32 31 31 31 30 29 28 28 28 28 27 27 27 26 26 25 25 24 23 23 22 21 21 20 20 19 18 17 17 16 16 15 15 15 15 14 14 14 13 13 11 11 11 10 10 9 8 6 6 5 5 4 3 2 0 0 
Output for greedy: 567 ,Actual sum: 567 with difference: 0

Benchmark 71 completed in time: 0
98 98 98 97 97 97 95 95 93 92 92 91 91 91 90 89 88 87 87 87 85 85 85 85 85 84 84 83 82 81 81 81 80 79 79 79 78 78 77 77 77 77 75 74 74 74 74 74 72 71 71 69 69 69 68 68 66 66 65 65 65 64 63 63 62 62 61 61 61 60 60 60 59 59 58 58 57 57 57 57 57 56 56 56 55 55 53 53 52 51 51 51 51 50 49 49 49 48 48 48 46 44 44 43 43 42 42 42 41 41 40 40 39 38 38 37 37 37 36 36 36 36 36 36 35 35 35 35 34 34 33 33 33 32 31 30 30 29 28 26 25 25 24 24 24 20 20 19 19 18 17 17 17 15 15 14 14 13 12 12 12 9 8 8 8 6 6 5 5 5 4 3 2 2 1 0 0 
Output for greedy: 3691 ,Actual sum: 3691 with difference: 0

Benchmark 72 completed in time: 0
99 98 98 98 97 97 97 97 96 94 94 93 93 92 91 90 89 88 87 87 87 86 85 84 84 83 82 82 81 81 81 81 80 79 78 78 77 77 76 76 75 75 75 74 74 72 71 71 71 71 70 70 69 68 68 67 65 64 64 64 60 60 60 60 58 58 58 58 57 57 56 54 54 54 53 53 53 53 53 52 51 51 51 51 51 50 50 49 48 48 47 47 46 46 46 45 45 44 43 43 42 42 41 40 39 39 38 38 37 35 34 34 34 33 33 31 31 31 31 29 29 29 28 28 28 27 27 26 26 26 25 25 25 25 24 24 24 23 22 22 22 21 20 20 19 18 16 15 14 14 13 13 13 13 12 11 11 11 10 9 8 8 7 7 6 5 5 5 5 3 3 2 2 2 2 1 1 0 0 
Output for greedy: 7429 ,Actual sum: 7429 with difference: 0

Benchmark 73 completed in time: 0
97 97 97 94 94 94 94 94 94 93 93 92 92 92 91 91 91 91 90 90 90 90 89 88 87 87 87 86 85 85 85 85 84 84 83 82 82 82 82 82 81 81 80 80 78 78 78 78 77 76 76 76 76 76 76 75 74 74 74 72 72 71 70 70 70 69 69 69 69 68 68 68 64 64 63 63 63 62 62 62 62 61 60 59 58 58 57 57 57 56 56 55 54 54 52 52 51 50 50 50 50 50 49 48 48 46 46 46 44 44 44 44 43 43 41 41 41 41 41 41 40 38 38 37 37 37 37 37 37 36 34 34 34 34 34 33 31 31 30 29 29 28 28 28 27 27 25 25 24 24 23 22 22 21 21 20 19 19 19 18 17 17 17 16 15 14 13 12 12 10 9 9 8 8 7 5 4 4 4 0 0 
Output for greedy: 9586 ,Actual sum: 9586 with difference: 0

Benchmark 74 completed in time: 0
99 99 98 98 98 98 97 97 97 97 97 96 96 94 93 91 91 91 89 89 88 86 86 86 86 86 85 85 85 85 84 84 83 83 82 82 82 81 81 80 80 79 79 78 78 78 77 76 75 73 73 72 72 72 72 72 71 70 69 69 69 68 66 66 66 65 65 64 64 62 62 62 62 62 62 61 60 60 59 59 58 58 57 56 56 55 54 53 53 53 53 52 52 52 52 51 51 51 51 51 51 50 49 49 48 48 48 48 48 48 48 47 45 44 43 42 42 41 41 40 40 40 40 38 38 38 38 37 36 34 34 33 33 32 32 32 32 31 31 31 31 30 30 30 29 28 28 28 27 26 25 23 22 22 22 21 20 17 16 16 16 16 16 15 15 15 13 11 10 9 8 8 5 5 4 4 4 2 2 2 2 0 0 
Output for greedy: 1059 ,Actual sum: 1059 with difference: 0

Benchmark 75 completed in time: 0
99 99 97 97 97 97 96 95 95 94 94 93 92 92 92 92 92 91 91 91 91 90 90 90 90 90 90 89 88 87 87 86 86 85 85 85 84 84 84 83 82 82 79 79 79 79 78 78 78 77 77 77 73 73 73 73 71 71 70 70 70 67 67 66 64 64 63 63 63 62 62 61 61 61 61 60 59 59 59 59 58 58 56 55 55 54 54 53 53 53 53 52 52 52 52 52 52 51 51 51 50 49 48 48 48 48 46 46 45 45 44 44 43 43 41 40 39 38 38 36 35 34 34 34 31 31 30 30 30 29 26 25 24 24 24 24 24 24 23 22 21 21 21 20 20 20 20 19 18 18 17 16 16 16 15 15 15 14 13 13 13 12 11 11 11 11 11 10 9 9 9 7 7 6 6 6 6 6 3 3 2 2 2 0 0 
Output for greedy: 4311 ,Actual sum: 4311 with difference: 0

Benchmark 76 completed in time: 0
99 99 99 98 98 97 97 97 97 97 96 96 96 95 93 92 92 91 91 91 89 89 89 88 88 85 85 85 85 85 84 83 83 83 83 83 83 82 82 81 81 81 80 79 79 79 79 78 78 78 77 77 76 76 75 75 75 74 73 73 73 72 71 71 70 70 70 70 70 70 69 69 68 67 67 67 67 67 66 66 66 65 65 65 64 64 63 63 63 62 61 61 60 59 57 56 56 55 54 54 53 52 50 49 47 47 46 46 46 45 43 43 42 41 41 40 40 40 40 40 39 39 39 38 37 37 37 37 35 34 34 34 34 34 32 31 31 31 30 30 30 30 28 28 26 25 25 24 24 24 23 23 21 20 20 20 20 20 20 19 19 18 17 16 16 16 16 15 15 12 12 12 12 11 8 8 8 7 6 4 4 3 2 2 1 0 0 
Output for greedy: 8560 ,Actual sum: 8560 with difference: 0

Benchmark 77 completed in time: 0
99 99 98 96 96 95 95 95 95 94 94 93 92 92 91 91 90 90 88 87 85 85 85 85 84 84 84 83 83 83 82 82 81 81 81 81 78 78 77 77 77 75 75 74 74 74 73 73 72 71 71 70 70 69 69 68 68 68 67 66 66 66 66 65 65 65 65 64 63 62 62 61 60 60 60 59 58 57 55 55 55 55 54 54 52 52 52 52 51 50 50 49 49 49 45 44 43 42 42 42 41 41 41 40 39 39 38 38 38 37 37 36 35 35 34 34 33 33 33 33 33 33 31 30 30 29 29 29 28 28 28 27 27 27 27 26 26 26 26 25 25 24 23 23 23 22 22 21 21 21 21 18 18 17 16 16 15 15 14 14 14 13 12 12 11 10 10 10 9 9 9 8 8 7 7 6 6 5 5 5 3 3 2 1 1 1 0 0 0 
Output for greedy: 7856 ,Actual sum: 7856 with difference: 0

Benchmark 78 completed in time: 0
99 98 98 97 97 97 96 96 96 95 94 94 93 92 92 91 91 90 89 89 89 88 88 86 86 85 85 84 84 84 84 83 83 83 83 81 80 78 77 77 77 77 76 75 75 75 75 74 73 73 72 72 71 71 71 70 70 70 69 68 68 68 68 67 65 65 64 64 63 63 62 62 62 61 60 60 58 57 57 56 55 55 54 53 53 53 52 52 52 51 51 50 50 50 50 50 49 49 48 48 48 48 47 47 45 45 45 45 44 44 44 43 43 42 42 42 41 40 39 38 37 37 36 36 36 36 35 35 35 35 34 33 32 32 32 31 31 30 30 30 29 29 29 28 28 27 26 26 24 24 24 23 23 22 21 21 21 20 20 20 20 19 17 17 16 14 14 14 13 13 12 12 12 11 11 10 10 9 8 8 6 4 4 4 4 3 2 1 1 1 0 
Output for greedy: 2341 ,Actual sum: 2341 with difference: 0

Benchmark 79 completed in time: 0
99 99 99 99 96 95 95 95 95 94 94 94 94 92 92 92 87 87 87 86 86 86 86 85 85 84 84 84 84 84 83 82 81 80 80 80 79 79 78 78 77 77 76 76 76 76 75 75 74 72 71 71 71 71 70 70 70 70 69 68 68 68 67 67 66 66 66 66 65 65 64 64 64 63 63 63 63 62 62 62 61 61 61 60 59 58 58 58 57 57 56 55 55 53 53 51 51 49 49 49 49 49 48 48 48 47 47 47 46 45 45 45 44 44 43 42 41 41 40 40 38 38 38 37 37 37 37 36 36 33 32 31 30 29 28 27 24 24 24 24 23 23 22 22 22 21 21 21 20 19 19 18 17 17 17 17 17 16 15 15 14 13 12 12 11 11 10 10 10 10 10 9 9 9 9 9 9 8 8 7 7 7 6 4 4 3 3 3 2 1 0 0 0 
Output for greedy: 2244 ,Actual sum: 2244 with difference: 0

Benchmark 80 completed in time: 0
99 99 99 98 96 96 96 95 94 94 93 92 92 91 91 91 90 90 89 89 88 88 88 86 86 86 85 84 84 82 81 81 81 81 81 80 80 79 78 78 77 77 76 76 75 75 75 74 73 73 72 72 72 72 71 71 71 71 70 69 68 67 66 64 64 64 63 62 62 61 60 60 60 60 59 58 58 57 57 56 55 55 54 54 53 53 52 52 52 52 52 51 51 50 50 49 49 48 48 48 47 47 47 47 46 46 45 45 45 45 44 44 43 43 42 42 41 41 41 41 40 40 39 39 38 38 37 37 37 37 35 35 35 34 34 34 33 33 32 32 30 29 28 27 26 26 26 25 24 24 24 24 24 23 22 22 21 20 20 19 18 18 18 17 17 16 16 15 14 14 14 13 13 11 11 10 10 9 8 7 6 6 6 6 5 5 4 3 3 1 1 1 0 0 0 
Output for greedy: 2748 ,Actual sum: 2748 with difference: 0

Benchmark 81 completed in time: 0
99 98 98 98 96 96 96 95 95 95 95 94 94 93 93 92 92 92 91 91 91 90 90 90 90 90 89 89 89 88 88 87 86 86 85 85 85 84 83 82 82 81 81 81 81 80 80 80 78 78 78 78 77 76 76 76 75 75 75 74 74 74 72 72 71 71 71 71 70 70 69 67 67 67 66 66 66 66 65 64 64 63 63 63 62 62 62 62 62 62 61 61 60 60 60 60 59 59 59 59 58 56 56 55 55 55 55 54 53 53 52 52 50 49 49 48 47 46 45 41 41 41 40 39 38 38 37 37 37 37 36 36 36 35 35 34 34 34 33 31 30 30 29 29 29 28 27 26 25 24 24 24 24 23 23 22 22 20 19 19 19 18 18 17 17 17 16 15 15 15 15 13 13 12 12 12 11 11 9 7 7 6 6 5 5 5 4 4 3 3 2 2 1 1 1 0 0 
Output for greedy: 7734 ,Actual sum: 7734 with difference: 0

Benchmark 82 completed in time: 0
99 98 97 97 96 96 96 95 95 94 93 92 91 91 91 91 91 90 89 89 88 88 88 87 87 87 87 87 86 86 84 84 83 83 82 81 81 81 81 80 79 78 78 78 77 76 73 73 73 73 72 72 72 71 71 70 70 69 69 69 69 68 68 68 67 67 66 66 64 64 63 63 63 63 62 62 61 61 60 60 60 59 59 59 58 58 58 57 57 57 57 57 56 56 55 55 54 53 52 52 52 51 50 49 49 48 48 47 46 46 46 46 45 45 44 44 42 42 41 41 40 40 37 37 36 35 35 35 34 34 34 34 33 33 32 32 32 31 30 30 30 29 29 28 28 26 25 25 24 23 22 22 21 20 19 19 19 18 18 17 17 17 16 15 15 15 15 15 15 14 14 14 13 13 12 12 11 11 11 11 9 9 7 7 6 5 5 4 4 4 4 4 4 3 2 1 1 1 0 
Output for greedy: 3189 ,Actual sum: 3189 with difference: 0

Benchmark 83 completed in time: 0
99 99 98 98 98 98 97 97 96 96 96 95 94 94 94 94 94 94 94 93 91 91 91 90 90 90 90 89 88 88 87 87 87 87 87 86 85 84 84 83 82 82 82 81 81 81 78 78 77 77 77 76 76 76 75 75 74 74 74 73 73 72 70 69 69 69 69 68 67 67 67 67 66 66 66 65 65 65 64 64 64 64 63 63 63 62 61 60 60 60 59 56 56 55 54 53 52 52 52 52 51 51 50 50 50 49 48 48 47 47 46 46 46 45 45 44 44 42 41 40 40 39 39 39 39 39 38 37 37 36 36 36 35 35 35 34 34 33 33 32 32 31 31 29 29 29 28 27 27 26 26 25 25 24 24 23 23 23 23 22 21 21 21 20 20 20 19 19 19 18 17 15 15 13 13 13 13 11 11 10 10 10 10 10 9 8 8 7 6 6 6 5 4 4 3 2 2 2 1 1 0 
Output for greedy: 8539 ,Actual sum: 8539 with difference: 0

Benchmark 84 completed in time: 0
98 97 97 97 96 96 95 95 92 92 91 90 90 89 89 88 88 87 87 86 86 86 85 85 85 85 84 84 84 83 83 82 81 81 80 79 79 79 79 79 78 75 75 74 72 72 72 72 70 70 70 70 69 68 68 68 68 65 65 65 64 64 64 63 62 61 61 61 61 60 60 59 59 59 59 58 58 58 56 55 55 55 54 54 54 54 54 54 52 51 49 48 47 46 46 46 46 45 45 45 45 45 44 43 43 41 41 40 40 39 39 38 38 38 37 37 36 35 35 34 34 33 33 33 32 31 29 29 28 28 27 26 26 26 26 25 25 24 24 23 23 23 23 23 23 22 22 22 21 21 21 20 20 20 20 18 18 18 18 17 17 17 15 15 15 14 14 13 12 12 11 11 11 11 10 10 10 10 9 9 9 9 9 9 8 8 8 8 7 6 4 4 2 2 2 2 2 2 1 1 1 1 0 
Output for greedy: 8573 ,Actual sum: 8573 with difference: 0

Benchmark 85 completed in time: 0
98 98 98 98 98 98 96 96 95 95 95 94 93 93 92 92 91 91 89 89 88 88 87 87 86 85 84 84 83 83 83 82 82 82 81 81 81 81 80 80 79 78 78 77 76 76 76 76 75 75 74 74 73 72 72 71 71 70 70 69 69 69 68 68 66 66 65 65 64 64 63 62 62 62 61 60 60 60 60 60 59 59 59 59 59 58 58 58 57 56 56 55 54 54 54 54 53 53 53 52 51 50 50 50 49 48 48 48 48 47 47 46 46 44 44 44 43 42 42 42 42 41 40 40 40 38 38 37 37 36 36 36 35 35 34 33 33 32 32 31 30 30 29 29 28 28 28 28 27 27 27 26 26 26 25 24 23 23 22 21 21 20 20 19 19 18 18 16 16 16 16 16 15 15 15 15 14 13 13 13 13 12 12 11 11 10 10 10 9 9 9 9 9 7 7 7 6 5 3 3 2 2 1 1 0 
Output for greedy: 4831 ,Actual sum: 4831 with difference: 0

Benchmark 86 completed in time: 0
99 99 99 99 99 97 97 97 96 96 96 96 95 95 94 93 93 93 92 92 92 92 91 91 90 90 89 89 88 87 87 86 85 85 85 84 82 81 80 80 80 79 79 77 77 76 75 75 74 74 73 73 72 71 70 70 70 70 70 70 69 69 68 68 68 66 66 65 65 65 63 63 63 63 62 61 60 59 59 59 59 58 58 57 56 56 55 55 55 54 54 54 52 52 52 52 52 51 50 50 50 50 49 47 47 46 46 46 45 44 44 44 44 43 43 43 42 42 41 40 40 39 39 38 38 38 37 37 36 35 35 35 34 34 34 34 34 34 33 32 32 32 31 31 31 31 30 30 29 29 27 27 26 26 26 25 24 23 23 23 22 22 22 22 21 20 20 20 19 19 18 18 18 18 17 17 17 16 15 15 14 14 14 12 12 12 11 11 11 10 10 10 10 9 8 8 5 5 5 5 4 3 3 3 2 1 1 
Output for greedy: 5120 ,Actual sum: 5120 with difference: 0

Benchmark 87 completed in time: 0
99 99 99 98 97 97 96 95 94 94 94 92 92 91 89 89 89 88 87 87 87 87 87 85 85 85 84 84 84 83 83 82 82 82 82 81 81 81 79 79 78 78 76 76 76 75 75 75 74 74 73 73 73 72 71 70 70 70 69 68 68 67 67 65 63 63 62 62 60 60 60 59 59 59 59 57 56 55 55 55 55 54 54 53 52 52 52 52 51 50 50 50 50 50 49 49 48 48 48 47 46 46 46 44 44 44 43 43 43 43 42 42 41 41 41 40 40 40 40 39 39 38 38 38 38 37 37 37 36 36 36 35 35 35 34 34 34 34 33 32 31 29 29 28 28 27 27 26 25 24 24 24 24 22 22 22 21 20 20 20 20 20 20 20 19 19 19 17 16 16 15 15 15 15 15 14 14 14 13 13 12 12 12 11 10 10 9 9 8 7 7 6 6 6 5 4 4 4 4 3 3 3 2 2 2 1 0 0 0 
Output for greedy: 409 ,Actual sum: 409 with difference: 0

Benchmark 88 completed in time: 0
99 99 99 98 98 98 98 96 96 95 95 95 95 94 94 93 91 91 91 89 89 89 87 87 86 86 85 85 85 84 83 82 81 80 80 78 78 77 76 76 76 75 74 74 74 73 72 72 72 71 70 70 70 70 69 69 69 68 67 66 66 65 65 64 64 63 63 62 61 61 61 60 59 58 58 57 57 56 55 55 55 54 54 53 53 53 52 52 51 51 50 49 48 48 48 48 47 47 46 46 46 46 45 44 44 43 43 43 43 42 42 42 41 41 40 40 40 40 40 39 39 39 38 37 37 37 36 35 34 34 34 34 33 33 32 32 32 32 31 30 30 28 27 27 26 26 24 24 24 24 22 22 22 21 21 21 19 19 19 18 18 18 17 17 17 16 16 16 16 15 15 15 15 15 14 14 13 12 12 12 11 11 10 10 9 8 8 8 8 8 8 8 7 7 7 6 6 6 4 4 4 4 3 3 3 3 2 2 1 0 0 
Output for greedy: 1637 ,Actual sum: 1637 with difference: 0

Benchmark 89 completed in time: 0
99 98 98 98 98 97 97 96 96 96 95 94 94 94 94 93 93 93 93 91 91 91 91 91 91 91 91 90 90 89 89 87 85 85 85 85 84 84 84 84 83 83 83 82 82 81 80 80 80 80 79 79 78 78 77 77 76 76 76 76 75 75 74 72 72 71 70 70 69 69 69 69 68 68 67 66 65 64 64 64 63 63 62 62 61 61 60 60 60 60 59 58 58 57 56 55 54 54 54 51 51 50 50 49 48 47 46 45 45 44 44 44 44 44 43 43 42 42 42 41 41 41 40 40 39 38 36 36 36 36 35 34 34 34 34 34 33 33 33 32 32 31 30 30 29 28 28 28 28 27 27 26 26 25 25 24 24 24 23 23 22 22 22 20 20 18 18 18 17 16 16 16 16 15 14 14 14 13 13 13 13 12 12 12 12 11 10 10 10 9 9 9 9 8 7 7 6 6 6 6 4 4 4 3 3 2 1 1 1 0 0 0 0 
Output for greedy: 759 ,Actual sum: 759 with difference: 0

Benchmark 90 completed in time: 0
99 99 99 99 98 98 97 97 96 95 95 94 94 94 94 94 93 92 92 92 91 90 90 90 89 89 88 88 88 88 88 87 87 86 86 85 84 83 83 83 82 81 81 80 80 79 79 79 79 78 77 77 77 76 76 75 75 74 74 73 72 70 70 70 69 69 69 68 68 67 67 67 66 66 66 65 65 62 62 62 61 61 60 60 60 59 59 59 57 56 56 56 56 55 55 55 55 55 54 53 53 53 53 52 52 50 50 49 49 49 49 48 48 48 47 46 46 44 44 44 44 43 43 43 42 42 41 40 39 39 38 38 37 37 37 37 37 37 37 37 37 36 36 36 35 34 34 34 33 33 32 31 31 31 31 30 29 29 29 29 28 28 28 28 27 26 25 25 24 23 22 22 22 22 21 19 19 19 19 18 18 18 17 17 16 16 16 16 15 15 14 13 12 12 11 10 10 10 10 9 8 8 7 7 6 6 5 5 5 4 3 3 1 1 0 
Output for greedy: 9772 ,Actual sum: 9772 with difference: 0

Benchmark 91 completed in time: 0
99 99 99 99 99 99 98 98 97 97 96 96 96 95 95 95 95 94 94 93 92 92 91 91 90 90 90 90 90 89 89 89 88 88 88 87 87 86 86 86 86 86 83 82 82 82 82 81 81 81 80 80 79 79 78 77 77 76 76 75 75 75 74 74 73 73 73 73 73 72 72 72 71 70 69 68 68 68 68 68 67 66 65 65 65 64 63 63 63 62 62 62 62 61 61 61 61 60 60 59 59 57 56 56 55 55 55 55 54 53 53 53 51 51 51 51 51 51 50 50 50 49 49 48 47 47 47 47 46 46 46 46 45 44 44 44 43 43 42 42 42 42 41 40 40 40 39 39 38 37 37 36 34 31 31 31 31 29 28 28 27 26 26 25 24 23 23 22 22 21 20 19 19 17 16 16 15 15 14 14 14 14 13 12 12 12 12 11 11 11 10 9 9 9 8 8 7 7 7 7 6 6 6 5 4 4 3 3 3 3 3 2 2 2 2 2 0 
Output for greedy: 8464 ,Actual sum: 8464 with difference: 0

Benchmark 92 completed in time: 0
99 99 99 99 98 98 97 96 96 96 94 94 93 93 92 92 92 92 91 91 91 90 90 90 90 90 89 89 89 89 89 89 88 87 85 84 83 83 83 82 82 82 82 81 81 81 81 81 81 81 80 79 78 78 77 77 76 76 75 75 75 73 73 73 73 72 72 72 72 70 69 66 66 65 65 65 64 64 62 62 62 61 61 60 59 59 59 59 58 58 58 57 57 56 56 55 55 55 55 54 53 52 50 50 49 49 48 48 47 47 46 46 46 45 44 43 43 43 42 41 40 39 39 38 38 38 37 37 37 37 36 35 35 35 34 33 33 32 32 32 31 31 31 30 30 30 29 29 27 27 27 26 26 26 26 25 25 25 24 24 24 23 23 22 22 21 21 21 20 20 20 19 19 19 18 18 17 17 17 17 17 16 16 15 15 14 14 14 13 13 13 12 11 10 10 10 8 8 8 7 7 6 6 6 4 4 4 4 3 3 3 2 2 2 2 1 1 0 0 
Output for greedy: 6976 ,Actual sum: 6976 with difference: 0

Benchmark 93 completed in time: 0
99 99 99 98 97 96 96 96 95 95 94 94 94 94 93 92 92 91 91 91 91 91 90 89 89 88 87 87 87 87 87 87 86 85 85 84 84 84 84 83 83 82 82 82 82 82 81 81 81 81 79 78 77 77 77 77 76 76 75 75 75 74 73 73 73 72 72 72 70 69 68 68 67 67 67 66 66 65 64 64 64 64 63 63 63 62 62 62 61 60 59 59 59 58 58 57 57 56 55 55 54 53 53 52 52 52 51 51 51 50 50 50 50 48 47 47 46 46 45 44 44 43 43 42 42 42 41 40 40 40 39 39 38 38 38 36 35 35 35 34 34 34 34 34 33 33 31 31 30 30 29 29 29 27 27 26 25 23 23 22 22 22 21 21 21 20 20 20 20 19 19 18 18 18 17 17 17 17 17 17 17 17 16 16 16 15 15 15 13 10 10 9 9 9 8 8 8 8 7 7 7 6 6 5 4 4 4 4 4 4 3 3 2 1 1 1 0 0 0 0 0 
Output for greedy: 5347 ,Actual sum: 5347 with difference: 0

Benchmark 94 completed in time: 0
99 99 98 98 98 98 98 97 97 97 97 96 96 96 95 95 95 95 94 94 94 93 93 92 92 91 91 91 90 90 89 89 89 89 89 89 89 88 88 88 88 87 87 87 87 87 86 86 85 85 83 83 83 82 82 82 81 81 80 80 79 79 78 78 78 78 77 76 76 75 75 75 74 74 73 73 73 72 72 70 70 70 69 69 68 68 66 66 66 65 65 65 64 64 63 63 62 62 61 61 61 61 60 60 60 60 59 59 58 57 56 56 55 55 55 55 55 54 54 54 53 53 52 51 50 50 50 50 50 50 48 48 47 47 46 46 46 44 42 42 42 41 41 40 40 40 39 38 37 36 36 36 35 35 35 33 33 32 32 32 32 32 32 30 30 30 30 29 29 29 28 27 27 27 26 26 25 21 21 21 20 20 20 19 19 19 19 18 18 17 17 16 15 14 13 13 12 12 12 12 11 11 10 10 9 9 9 9 7 6 6 6 6 6 6 5 5 4 4 3 1 0 0 
Output for greedy: 7822 ,Actual sum: 7822 with difference: 0

Benchmark 95 completed in time: 0
99 99 98 98 97 97 96 95 95 95 94 94 93 93 93 91 90 90 89 89 89 89 88 88 88 87 87 86 85 85 85 84 84 84 84 83 82 82 82 82 81 81 80 80 80 79 79 78 76 76 76 76 75 75 74 74 73 71 70 70 69 69 68 68 67 66 66 66 65 65 64 64 64 64 64 63 63 63 62 62 61 61 61 61 60 60 59 59 59 58 58 57 57 56 56 56 55 55 55 55 54 53 53 53 53 52 52 52 52 52 52 51 51 51 50 50 49 49 49 49 47 47 46 46 46 46 45 45 45 45 44 44 44 41 41 41 41 40 40 39 39 38 38 37 37 37 35 35 35 35 35 34 33 33 32 30 30 30 30 30 30 30 29 29 29 29 28 28 27 27 27 26 26 26 25 25 24 23 23 23 23 22 22 22 22 21 21 20 20 20 20 18 18 17 17 17 17 17 16 14 14 14 12 11 11 10 9 9 9 9 8 8 8 7 6 6 6 6 2 2 2 2 2 0 0 
Output for greedy: 6696 ,Actual sum: 6696 with difference: 0

Benchmark 96 completed in time: 0
99 99 97 97 96 96 95 95 95 95 94 94 93 93 93 92 92 91 91 90 89 88 88 87 87 87 87 86 85 85 85 85 85 85 84 83 82 82 82 82 82 81 81 80 79 79 79 79 77 77 76 76 75 74 74 74 74 74 74 74 73 73 72 72 71 71 71 71 70 70 70 69 69 69 68 68 67 67 67 66 66 65 65 64 64 64 64 63 63 61 61 61 60 60 59 59 58 57 57 56 54 53 53 53 53 52 52 52 51 51 51 50 49 49 49 49 49 48 48 47 47 46 46 45 45 45 43 43 42 42 41 41 40 39 39 38 38 38 36 35 35 35 34 33 32 32 30 30 29 29 29 28 27 24 24 24 24 24 24 23 23 23 22 22 22 22 21 21 21 19 19 19 19 19 19 19 18 18 18 16 15 15 14 14 14 14 14 14 13 13 13 11 11 11 11 11 10 10 10 9 9 9 9 8 8 6 5 5 4 4 4 4 4 3 3 2 2 1 1 1 0 0 0 0 0 0 0 
Output for greedy: 10427 ,Actual sum: 10427 with difference: 0

Benchmark 97 completed in time: 0
99 98 98 98 97 97 97 96 95 95 94 94 94 93 93 91 91 91 91 91 90 89 89 88 88 88 88 88 87 86 86 86 86 85 84 83 82 82 81 81 80 80 78 78 77 77 76 76 75 75 75 74 74 74 74 74 73 73 73 73 72 72 71 71 71 70 69 69 69 67 67 67 66 66 66 66 65 64 63 63 63 63 62 62 62 61 61 60 60 60 59 59 58 58 57 57 56 55 54 54 53 53 53 53 52 51 51 51 50 50 50 49 49 49 49 49 48 48 47 47 47 46 46 46 46 45 45 45 45 44 43 43 43 42 42 41 40 40 40 40 39 39 39 39 38 38 37 37 37 36 35 35 33 33 32 31 31 31 31 31 30 30 30 29 29 29 29 28 28 28 27 27 27 27 26 25 25 25 25 24 24 23 23 23 23 23 23 23 22 22 19 19 18 18 17 16 15 15 15 15 14 13 13 12 12 11 11 11 11 10 10 9 9 8 7 7 7 6 5 5 5 4 3 3 2 2 2 1 0 
Output for greedy: 9951 ,Actual sum: 9951 with difference: 0

Benchmark 98 completed in time: 0
98 98 96 96 96 96 96 94 94 94 93 93 93 93 91 90 89 89 89 89 89 88 88 88 88 87 87 87 86 85 85 85 84 84 83 83 83 83 82 82 82 82 81 80 80 79 78 77 77 76 75 74 74 74 73 73 72 72 72 72 72 71 71 71 71 70 70 69 69 68 67 67 67 67 66 66 66 66 66 65 65 65 64 64 64 63 63 63 63 62 62 61 61 61 61 60 60 60 60 59 59 59 58 58 58 57 56 56 56 55 55 55 54 54 53 53 52 51 51 49 49 48 48 48 47 47 47 47 46 45 45 45 44 44 44 44 44 43 42 42 41 41 41 41 40 39 39 39 38 38 38 37 37 37 37 37 36 33 33 33 32 32 31 30 29 28 28 27 27 26 26 26 26 25 25 24 24 23 22 22 21 21 21 21 21 20 20 19 19 18 18 17 17 16 16 16 15 15 14 14 14 14 12 12 12 12 11 11 11 11 10 10 10 10 10 9 9 6 6 6 6 5 5 4 4 2 1 1 1 0 0 
Output for greedy: 8019 ,Actual sum: 8019 with difference: 0

Benchmark 99 completed in time: 0
99 99 99 98 98 97 97 97 97 97 95 95 95 94 94 93 93 93 93 93 93 92 91 91 90 90 89 89 88 88 87 87 87 86 85 85 84 84 84 83 82 81 81 81 80 80 79 79 78 78 78 77 77 77 76 76 76 76 76 76 74 74 74 72 72 72 71 71 70 70 70 70 69 69 69 69 69 68 68 68 67 67 67 66 66 65 65 64 64 63 63 63 63 63 63 62 62 61 61 60 60 60 59 57 56 55 54 54 54 54 54 51 51 51 51 51 50 50 50 50 50 49 49 48 48 47 47 46 46 45 45 43 43 43 43 42 41 41 40 40 40 39 39 38 38 37 37 36 35 35 35 34 32 32 31 31 31 31 31 30 30 29 29 29 29 28 27 27 26 26 25 25 24 23 22 22 21 21 21 21 20 20 20 20 19 19 19 18 18 18 18 18 16 15 15 15 15 14 14 13 13 13 13 12 12 12 12 11 11 10 10 9 8 8 8 7 7 6 6 5 5 5 3 3 3 3 2 2 2 2 1 1 0 
Output for greedy: 4405 ,Actual sum: 4405 with difference: 0

Benchmark 100 completed in time: 0
Number of sets found: 89
Number of sets not found: 11
Fraction of benchmarks completed: 100 out of 100 Percentage: 100
